c:\users\huangtianyu\desktop\codes\behavior_vs_framework--框架(全4部分)\vs_framework\debug\particleglwidget.obj
c:\users\huangtianyu\desktop\codes\behavior_vs_framework--框架(全4部分)\vs_framework\debug\openglviewer.obj
c:\users\huangtianyu\desktop\codes\behavior_vs_framework--框架(全4部分)\vs_framework\debug\node.obj
c:\users\huangtianyu\desktop\codes\behavior_vs_framework--框架(全4部分)\vs_framework\debug\mainwindow.obj
c:\users\huangtianyu\desktop\codes\behavior_vs_framework--框架(全4部分)\vs_framework\debug\main.obj
c:\users\huangtianyu\desktop\codes\behavior_vs_framework--框架(全4部分)\vs_framework\debug\interpolationdialog.obj
c:\users\huangtianyu\desktop\codes\behavior_vs_framework--框架(全4部分)\vs_framework\debug\graphwidget.obj
c:\users\huangtianyu\desktop\codes\behavior_vs_framework--框架(全4部分)\vs_framework\debug\graphicsscene.obj
c:\users\huangtianyu\desktop\codes\behavior_vs_framework--框架(全4部分)\vs_framework\debug\glwidget.obj
c:\users\huangtianyu\desktop\codes\behavior_vs_framework--框架(全4部分)\vs_framework\debug\environment.obj
c:\users\huangtianyu\desktop\codes\behavior_vs_framework--框架(全4部分)\vs_framework\debug\edge.obj
c:\users\huangtianyu\desktop\codes\behavior_vs_framework--框架(全4部分)\vs_framework\debug\controlpaneldialog.obj
c:\users\huangtianyu\desktop\codes\behavior_vs_framework--框架(全4部分)\vs_framework\debug\camera.obj
c:\users\huangtianyu\desktop\codes\behavior_vs_framework--框架(全4部分)\vs_framework\debug\behaviorsimulation.obj
c:\users\huangtianyu\desktop\codes\behavior_vs_framework--框架(全4部分)\vs_framework\debug\behaviorglwidget.obj
c:\users\huangtianyu\desktop\codes\behavior_vs_framework--框架(全4部分)\vs_framework\debug\behaviorcamera.obj
c:\users\huangtianyu\desktop\codes\behavior_vs_framework--框架(全4部分)\vs_framework\debug\animation.obj
c:\users\huangtianyu\desktop\codes\behavior_vs_framework--框架(全4部分)\vs_framework\debug\agentdisplay.obj
c:\users\huangtianyu\desktop\codes\behavior_vs_framework--框架(全4部分)\vs_framework\debug\agent.obj
c:\users\huangtianyu\desktop\codes\behavior_vs_framework--框架(全4部分)\vs_framework\debug\aboutdialog.obj
c:\users\huangtianyu\desktop\codes\behavior_vs_framework--框架(全4部分)\vs_framework\debug\moc_skeletondialog.obj
c:\users\huangtianyu\desktop\codes\behavior_vs_framework--框架(全4部分)\vs_framework\debug\moc_particleglwidget.obj
c:\users\huangtianyu\desktop\codes\behavior_vs_framework--框架(全4部分)\vs_framework\debug\moc_mainwindow.obj
c:\users\huangtianyu\desktop\codes\behavior_vs_framework--框架(全4部分)\vs_framework\debug\moc_interpolationdialog.obj
c:\users\huangtianyu\desktop\codes\behavior_vs_framework--框架(全4部分)\vs_framework\debug\moc_graphwidget.obj
c:\users\huangtianyu\desktop\codes\behavior_vs_framework--框架(全4部分)\vs_framework\debug\moc_graphicsscene.obj
c:\users\huangtianyu\desktop\codes\behavior_vs_framework--框架(全4部分)\vs_framework\debug\moc_glwidget.obj
c:\users\huangtianyu\desktop\codes\behavior_vs_framework--框架(全4部分)\vs_framework\debug\moc_controlpaneldialog.obj
c:\users\huangtianyu\desktop\codes\behavior_vs_framework--框架(全4部分)\vs_framework\debug\moc_behaviorglwidget.obj
c:\users\huangtianyu\desktop\codes\behavior_vs_framework--框架(全4部分)\vs_framework\debug\moc_aboutdialog.obj
c:\users\huangtianyu\desktop\codes\behavior_vs_framework--框架(全4部分)\vs_framework\debug\transformation.obj
c:\users\huangtianyu\desktop\codes\behavior_vs_framework--框架(全4部分)\vs_framework\debug\spline.obj
c:\users\huangtianyu\desktop\codes\behavior_vs_framework--框架(全4部分)\vs_framework\debug\spark.obj
c:\users\huangtianyu\desktop\codes\behavior_vs_framework--框架(全4部分)\vs_framework\debug\skeletondialog.obj
c:\users\huangtianyu\desktop\codes\behavior_vs_framework--框架(全4部分)\vs_framework\debug\simulation.obj
c:\users\huangtianyu\desktop\codes\behavior_vs_framework--框架(全4部分)\vs_framework\debug\rocket.obj
c:\users\huangtianyu\desktop\codes\behavior_vs_framework--框架(全4部分)\vs_framework\debug\qgraphicsitem.obj
c:\users\huangtianyu\desktop\codes\behavior_vs_framework--框架(全4部分)\vs_framework\debug\particlesystem.obj
c:\users\huangtianyu\desktop\codes\behavior_vs_framework--框架(全4部分)\vs_framework\debug\vc100.pdb
c:\users\huangtianyu\desktop\codes\behavior_vs_framework--框架(全4部分)\vs_framework\debug\qrc_resource.obj
c:\users\huangtianyu\desktop\codes\behavior_vs_framework--whole\vs_framework\debug\particleglwidget.obj
c:\users\huangtianyu\desktop\codes\behavior_vs_framework--whole\vs_framework\debug\openglviewer.obj
c:\users\huangtianyu\desktop\codes\behavior_vs_framework--whole\vs_framework\debug\node.obj
c:\users\huangtianyu\desktop\codes\behavior_vs_framework--whole\vs_framework\debug\mainwindow.obj
c:\users\huangtianyu\desktop\codes\behavior_vs_framework--whole\vs_framework\debug\main.obj
c:\users\huangtianyu\desktop\codes\behavior_vs_framework--whole\vs_framework\debug\interpolationdialog.obj
c:\users\huangtianyu\desktop\codes\behavior_vs_framework--whole\vs_framework\debug\graphwidget.obj
c:\users\huangtianyu\desktop\codes\behavior_vs_framework--whole\vs_framework\debug\graphicsscene.obj
c:\users\huangtianyu\desktop\codes\behavior_vs_framework--whole\vs_framework\debug\glwidget.obj
c:\users\huangtianyu\desktop\codes\behavior_vs_framework--whole\vs_framework\debug\environment.obj
c:\users\huangtianyu\desktop\codes\behavior_vs_framework--whole\vs_framework\debug\edge.obj
c:\users\huangtianyu\desktop\codes\behavior_vs_framework--whole\vs_framework\debug\controlpaneldialog.obj
c:\users\huangtianyu\desktop\codes\behavior_vs_framework--whole\vs_framework\debug\camera.obj
c:\users\huangtianyu\desktop\codes\behavior_vs_framework--whole\vs_framework\debug\behaviorsimulation.obj
c:\users\huangtianyu\desktop\codes\behavior_vs_framework--whole\vs_framework\debug\behaviorglwidget.obj
c:\users\huangtianyu\desktop\codes\behavior_vs_framework--whole\vs_framework\debug\behaviorcamera.obj
c:\users\huangtianyu\desktop\codes\behavior_vs_framework--whole\vs_framework\debug\animation.obj
c:\users\huangtianyu\desktop\codes\behavior_vs_framework--whole\vs_framework\debug\agentdisplay.obj
c:\users\huangtianyu\desktop\codes\behavior_vs_framework--whole\vs_framework\debug\agent.obj
c:\users\huangtianyu\desktop\codes\behavior_vs_framework--whole\vs_framework\debug\aboutdialog.obj
c:\users\huangtianyu\desktop\codes\behavior_vs_framework--whole\vs_framework\debug\moc_skeletondialog.obj
c:\users\huangtianyu\desktop\codes\behavior_vs_framework--whole\vs_framework\debug\moc_particleglwidget.obj
c:\users\huangtianyu\desktop\codes\behavior_vs_framework--whole\vs_framework\debug\moc_mainwindow.obj
c:\users\huangtianyu\desktop\codes\behavior_vs_framework--whole\vs_framework\debug\moc_interpolationdialog.obj
c:\users\huangtianyu\desktop\codes\behavior_vs_framework--whole\vs_framework\debug\moc_graphwidget.obj
c:\users\huangtianyu\desktop\codes\behavior_vs_framework--whole\vs_framework\debug\moc_graphicsscene.obj
c:\users\huangtianyu\desktop\codes\behavior_vs_framework--whole\vs_framework\debug\moc_glwidget.obj
c:\users\huangtianyu\desktop\codes\behavior_vs_framework--whole\vs_framework\debug\moc_controlpaneldialog.obj
c:\users\huangtianyu\desktop\codes\behavior_vs_framework--whole\vs_framework\debug\moc_behaviorglwidget.obj
c:\users\huangtianyu\desktop\codes\behavior_vs_framework--whole\vs_framework\debug\moc_aboutdialog.obj
c:\users\huangtianyu\desktop\codes\behavior_vs_framework--whole\vs_framework\debug\transformation.obj
c:\users\huangtianyu\desktop\codes\behavior_vs_framework--whole\vs_framework\debug\spline.obj
c:\users\huangtianyu\desktop\codes\behavior_vs_framework--whole\vs_framework\debug\spark.obj
c:\users\huangtianyu\desktop\codes\behavior_vs_framework--whole\vs_framework\debug\skeletondialog.obj
c:\users\huangtianyu\desktop\codes\behavior_vs_framework--whole\vs_framework\debug\simulation.obj
c:\users\huangtianyu\desktop\codes\behavior_vs_framework--whole\vs_framework\debug\rocket.obj
c:\users\huangtianyu\desktop\codes\behavior_vs_framework--whole\vs_framework\debug\qgraphicsitem.obj
c:\users\huangtianyu\desktop\codes\behavior_vs_framework--whole\vs_framework\debug\particlesystem.obj
c:\users\huangtianyu\desktop\codes\behavior_vs_framework--whole\vs_framework\debug\vc100.pdb
c:\users\huangtianyu\desktop\codes\behavior_vs_framework--whole\vs_framework\debug\qrc_resource.obj
d:\animation codes\codes\behavior_framework\vs_framework\debug\particleglwidget.obj
d:\animation codes\codes\behavior_framework\vs_framework\debug\openglviewer.obj
d:\animation codes\codes\behavior_framework\vs_framework\debug\node.obj
d:\animation codes\codes\behavior_framework\vs_framework\debug\mainwindow.obj
d:\animation codes\codes\behavior_framework\vs_framework\debug\main.obj
d:\animation codes\codes\behavior_framework\vs_framework\debug\interpolationdialog.obj
d:\animation codes\codes\behavior_framework\vs_framework\debug\graphwidget.obj
d:\animation codes\codes\behavior_framework\vs_framework\debug\graphicsscene.obj
d:\animation codes\codes\behavior_framework\vs_framework\debug\glwidget.obj
d:\animation codes\codes\behavior_framework\vs_framework\debug\environment.obj
d:\animation codes\codes\behavior_framework\vs_framework\debug\edge.obj
d:\animation codes\codes\behavior_framework\vs_framework\debug\controlpaneldialog.obj
d:\animation codes\codes\behavior_framework\vs_framework\debug\camera.obj
d:\animation codes\codes\behavior_framework\vs_framework\debug\behaviorsimulation.obj
d:\animation codes\codes\behavior_framework\vs_framework\debug\behaviorglwidget.obj
d:\animation codes\codes\behavior_framework\vs_framework\debug\behaviorcamera.obj
d:\animation codes\codes\behavior_framework\vs_framework\debug\animation.obj
d:\animation codes\codes\behavior_framework\vs_framework\debug\agentdisplay.obj
d:\animation codes\codes\behavior_framework\vs_framework\debug\agent.obj
d:\animation codes\codes\behavior_framework\vs_framework\debug\aboutdialog.obj
d:\animation codes\codes\behavior_framework\vs_framework\debug\moc_skeletondialog.obj
d:\animation codes\codes\behavior_framework\vs_framework\debug\moc_particleglwidget.obj
d:\animation codes\codes\behavior_framework\vs_framework\debug\moc_mainwindow.obj
d:\animation codes\codes\behavior_framework\vs_framework\debug\moc_interpolationdialog.obj
d:\animation codes\codes\behavior_framework\vs_framework\debug\moc_graphwidget.obj
d:\animation codes\codes\behavior_framework\vs_framework\debug\moc_graphicsscene.obj
d:\animation codes\codes\behavior_framework\vs_framework\debug\moc_glwidget.obj
d:\animation codes\codes\behavior_framework\vs_framework\debug\moc_controlpaneldialog.obj
d:\animation codes\codes\behavior_framework\vs_framework\debug\moc_behaviorglwidget.obj
d:\animation codes\codes\behavior_framework\vs_framework\debug\moc_aboutdialog.obj
d:\animation codes\codes\behavior_framework\vs_framework\debug\transformation.obj
d:\animation codes\codes\behavior_framework\vs_framework\debug\spline.obj
d:\animation codes\codes\behavior_framework\vs_framework\debug\spark.obj
d:\animation codes\codes\behavior_framework\vs_framework\debug\skeletondialog.obj
d:\animation codes\codes\behavior_framework\vs_framework\debug\simulation.obj
d:\animation codes\codes\behavior_framework\vs_framework\debug\rocket.obj
d:\animation codes\codes\behavior_framework\vs_framework\debug\qgraphicsitem.obj
d:\animation codes\codes\behavior_framework\vs_framework\debug\particlesystem.obj
d:\animation codes\codes\behavior_framework\vs_framework\debug\vc100.pdb
d:\animation codes\codes\behavior_framework\vs_framework\debug\qrc_resource.obj
c:\users\huangtianyu\desktop\codes\behavior_vs_framework--框架(全4部分)\vs_framework\behavior\generatedfiles\debug\moc_aboutdialog.cpp
c:\users\huangtianyu\desktop\codes\behavior_vs_framework--框架(全4部分)\vs_framework\behavior\generatedfiles\debug\moc_behaviorglwidget.cpp
c:\users\huangtianyu\desktop\codes\behavior_vs_framework--框架(全4部分)\vs_framework\behavior\generatedfiles\debug\moc_controlpaneldialog.cpp
c:\users\huangtianyu\desktop\codes\behavior_vs_framework--框架(全4部分)\vs_framework\behavior\generatedfiles\debug\moc_glwidget.cpp
c:\users\huangtianyu\desktop\codes\behavior_vs_framework--框架(全4部分)\vs_framework\behavior\generatedfiles\debug\moc_graphicsscene.cpp
c:\users\huangtianyu\desktop\codes\behavior_vs_framework--框架(全4部分)\vs_framework\behavior\generatedfiles\debug\moc_graphwidget.cpp
c:\users\huangtianyu\desktop\codes\behavior_vs_framework--框架(全4部分)\vs_framework\behavior\generatedfiles\debug\moc_interpolationdialog.cpp
c:\users\huangtianyu\desktop\codes\behavior_vs_framework--框架(全4部分)\vs_framework\behavior\generatedfiles\debug\moc_mainwindow.cpp
c:\users\huangtianyu\desktop\codes\behavior_vs_framework--框架(全4部分)\vs_framework\behavior\generatedfiles\debug\moc_particleglwidget.cpp
c:\users\huangtianyu\desktop\codes\behavior_vs_framework--框架(全4部分)\vs_framework\behavior\generatedfiles\debug\moc_skeletondialog.cpp
c:\users\huangtianyu\desktop\codes\behavior_vs_framework--框架(全4部分)\vs_framework\behavior\generatedfiles\qrc_resource.cpp
c:\users\huangtianyu\desktop\codes\behavior_vs_framework--whole\vs_framework\behavior\generatedfiles\debug\moc_aboutdialog.cpp
c:\users\huangtianyu\desktop\codes\behavior_vs_framework--whole\vs_framework\behavior\generatedfiles\debug\moc_behaviorglwidget.cpp
c:\users\huangtianyu\desktop\codes\behavior_vs_framework--whole\vs_framework\behavior\generatedfiles\debug\moc_controlpaneldialog.cpp
c:\users\huangtianyu\desktop\codes\behavior_vs_framework--whole\vs_framework\behavior\generatedfiles\debug\moc_glwidget.cpp
c:\users\huangtianyu\desktop\codes\behavior_vs_framework--whole\vs_framework\behavior\generatedfiles\debug\moc_graphicsscene.cpp
c:\users\huangtianyu\desktop\codes\behavior_vs_framework--whole\vs_framework\behavior\generatedfiles\debug\moc_graphwidget.cpp
c:\users\huangtianyu\desktop\codes\behavior_vs_framework--whole\vs_framework\behavior\generatedfiles\debug\moc_interpolationdialog.cpp
c:\users\huangtianyu\desktop\codes\behavior_vs_framework--whole\vs_framework\behavior\generatedfiles\debug\moc_mainwindow.cpp
c:\users\huangtianyu\desktop\codes\behavior_vs_framework--whole\vs_framework\behavior\generatedfiles\debug\moc_particleglwidget.cpp
c:\users\huangtianyu\desktop\codes\behavior_vs_framework--whole\vs_framework\behavior\generatedfiles\debug\moc_skeletondialog.cpp
c:\users\huangtianyu\desktop\codes\behavior_vs_framework--whole\vs_framework\behavior\generatedfiles\qrc_resource.cpp
d:\animation codes\codes\behavior_framework\vs_framework\behavior\generatedfiles\debug\moc_aboutdialog.cpp
d:\animation codes\codes\behavior_framework\vs_framework\behavior\generatedfiles\debug\moc_behaviorglwidget.cpp
d:\animation codes\codes\behavior_framework\vs_framework\behavior\generatedfiles\debug\moc_controlpaneldialog.cpp
d:\animation codes\codes\behavior_framework\vs_framework\behavior\generatedfiles\debug\moc_glwidget.cpp
d:\animation codes\codes\behavior_framework\vs_framework\behavior\generatedfiles\debug\moc_graphicsscene.cpp
d:\animation codes\codes\behavior_framework\vs_framework\behavior\generatedfiles\debug\moc_graphwidget.cpp
d:\animation codes\codes\behavior_framework\vs_framework\behavior\generatedfiles\debug\moc_interpolationdialog.cpp
d:\animation codes\codes\behavior_framework\vs_framework\behavior\generatedfiles\debug\moc_mainwindow.cpp
d:\animation codes\codes\behavior_framework\vs_framework\behavior\generatedfiles\debug\moc_particleglwidget.cpp
d:\animation codes\codes\behavior_framework\vs_framework\behavior\generatedfiles\debug\moc_skeletondialog.cpp
d:\animation codes\codes\behavior_framework\vs_framework\behavior\generatedfiles\qrc_resource.cpp
c:\users\huangtianyu\desktop\codes\behavior_vs_framework--框架(全4部分)\vs_framework\debug\behavior.ilk
c:\users\huangtianyu\desktop\codes\behavior_vs_framework--框架(全4部分)\vs_framework\debug\behavior.exe
c:\users\huangtianyu\desktop\codes\behavior_vs_framework--框架(全4部分)\vs_framework\debug\behavior.exe.intermediate.manifest
c:\users\huangtianyu\desktop\codes\behavior_vs_framework--框架(全4部分)\vs_framework\debug\behavior.pdb
c:\users\huangtianyu\desktop\codes\behavior_vs_framework--whole\vs_framework\debug\behavior.ilk
c:\users\huangtianyu\desktop\codes\behavior_vs_framework--whole\vs_framework\debug\behavior.exe
c:\users\huangtianyu\desktop\codes\behavior_vs_framework--whole\vs_framework\debug\behavior.exe.intermediate.manifest
c:\users\huangtianyu\desktop\codes\behavior_vs_framework--whole\vs_framework\debug\behavior.pdb
d:\animation codes\codes\behavior_framework\vs_framework\debug\behavior.ilk
d:\animation codes\codes\behavior_framework\vs_framework\debug\behavior.exe
d:\animation codes\codes\behavior_framework\vs_framework\debug\behavior.exe.intermediate.manifest
d:\animation codes\codes\behavior_framework\vs_framework\debug\behavior.pdb
d:\cooper\documents\visual studio 2013\projects\animation\vs_framework\debug\vc120.pdb
d:\cooper\documents\visual studio 2013\projects\animation\vs_framework\debug\particleglwidget.obj
d:\cooper\documents\visual studio 2013\projects\animation\vs_framework\debug\openglviewer.obj
d:\cooper\documents\visual studio 2013\projects\animation\vs_framework\debug\node.obj
d:\cooper\documents\visual studio 2013\projects\animation\vs_framework\debug\mainwindow.obj
d:\cooper\documents\visual studio 2013\projects\animation\vs_framework\debug\main.obj
d:\cooper\documents\visual studio 2013\projects\animation\vs_framework\debug\interpolationdialog.obj
d:\cooper\documents\visual studio 2013\projects\animation\vs_framework\debug\graphwidget.obj
d:\cooper\documents\visual studio 2013\projects\animation\vs_framework\debug\graphicsscene.obj
d:\cooper\documents\visual studio 2013\projects\animation\vs_framework\debug\glwidget.obj
d:\cooper\documents\visual studio 2013\projects\animation\vs_framework\debug\environment.obj
d:\cooper\documents\visual studio 2013\projects\animation\vs_framework\debug\edge.obj
d:\cooper\documents\visual studio 2013\projects\animation\vs_framework\debug\controlpaneldialog.obj
d:\cooper\documents\visual studio 2013\projects\animation\vs_framework\debug\camera.obj
d:\cooper\documents\visual studio 2013\projects\animation\vs_framework\debug\behaviorsimulation.obj
d:\cooper\documents\visual studio 2013\projects\animation\vs_framework\debug\behaviorglwidget.obj
d:\cooper\documents\visual studio 2013\projects\animation\vs_framework\debug\behaviorcamera.obj
d:\cooper\documents\visual studio 2013\projects\animation\vs_framework\debug\animation.obj
d:\cooper\documents\visual studio 2013\projects\animation\vs_framework\debug\agentdisplay.obj
d:\cooper\documents\visual studio 2013\projects\animation\vs_framework\debug\agent.obj
d:\cooper\documents\visual studio 2013\projects\animation\vs_framework\debug\aboutdialog.obj
d:\cooper\documents\visual studio 2013\projects\animation\vs_framework\debug\moc_skeletondialog.obj
d:\cooper\documents\visual studio 2013\projects\animation\vs_framework\debug\moc_particleglwidget.obj
d:\cooper\documents\visual studio 2013\projects\animation\vs_framework\debug\moc_mainwindow.obj
d:\cooper\documents\visual studio 2013\projects\animation\vs_framework\debug\moc_interpolationdialog.obj
d:\cooper\documents\visual studio 2013\projects\animation\vs_framework\debug\moc_graphwidget.obj
d:\cooper\documents\visual studio 2013\projects\animation\vs_framework\debug\moc_graphicsscene.obj
d:\cooper\documents\visual studio 2013\projects\animation\vs_framework\debug\moc_glwidget.obj
d:\cooper\documents\visual studio 2013\projects\animation\vs_framework\debug\moc_controlpaneldialog.obj
d:\cooper\documents\visual studio 2013\projects\animation\vs_framework\debug\moc_behaviorglwidget.obj
d:\cooper\documents\visual studio 2013\projects\animation\vs_framework\debug\moc_aboutdialog.obj
d:\cooper\documents\visual studio 2013\projects\animation\vs_framework\debug\transformation.obj
d:\cooper\documents\visual studio 2013\projects\animation\vs_framework\debug\spline.obj
d:\cooper\documents\visual studio 2013\projects\animation\vs_framework\debug\spark.obj
d:\cooper\documents\visual studio 2013\projects\animation\vs_framework\debug\skeletondialog.obj
d:\cooper\documents\visual studio 2013\projects\animation\vs_framework\debug\simulation.obj
d:\cooper\documents\visual studio 2013\projects\animation\vs_framework\debug\rocket.obj
d:\cooper\documents\visual studio 2013\projects\animation\vs_framework\debug\qgraphicsitem.obj
d:\cooper\documents\visual studio 2013\projects\animation\vs_framework\debug\particlesystem.obj
d:\cooper\documents\visual studio 2013\projects\animation\vs_framework\debug\qrc_resource.obj
d:\cooper\documents\visual studio 2013\projects\animation\vs_framework\behavior\generatedfiles\debug\moc_aboutdialog.cpp
d:\cooper\documents\visual studio 2013\projects\animation\vs_framework\behavior\generatedfiles\debug\moc_behaviorglwidget.cpp
d:\cooper\documents\visual studio 2013\projects\animation\vs_framework\behavior\generatedfiles\debug\moc_controlpaneldialog.cpp
d:\cooper\documents\visual studio 2013\projects\animation\vs_framework\behavior\generatedfiles\debug\moc_glwidget.cpp
d:\cooper\documents\visual studio 2013\projects\animation\vs_framework\behavior\generatedfiles\debug\moc_graphicsscene.cpp
d:\cooper\documents\visual studio 2013\projects\animation\vs_framework\behavior\generatedfiles\debug\moc_graphwidget.cpp
d:\cooper\documents\visual studio 2013\projects\animation\vs_framework\behavior\generatedfiles\debug\moc_interpolationdialog.cpp
d:\cooper\documents\visual studio 2013\projects\animation\vs_framework\behavior\generatedfiles\debug\moc_mainwindow.cpp
d:\cooper\documents\visual studio 2013\projects\animation\vs_framework\behavior\generatedfiles\debug\moc_particleglwidget.cpp
d:\cooper\documents\visual studio 2013\projects\animation\vs_framework\behavior\generatedfiles\debug\moc_skeletondialog.cpp
d:\cooper\documents\visual studio 2013\projects\animation\vs_framework\behavior\generatedfiles\qrc_resource.cpp
d:\cooper\documents\visual studio 2013\projects\animation\vs_framework\debug\behavior.vcxprojresolveassemblyreference.cache
d:\cooper\documents\visual studio 2013\projects\animation\vs_framework\debug\behavior.write.1.tlog
d:\cooper\documents\visual studio 2013\projects\animation\vs_framework\debug\cl.command.1.tlog
d:\cooper\documents\visual studio 2013\projects\animation\vs_framework\debug\cl.read.1.tlog
d:\cooper\documents\visual studio 2013\projects\animation\vs_framework\debug\cl.write.1.tlog
d:\cooper\documents\visual studio 2013\projects\animation\vs_framework\debug\custombuild.command.1.tlog
d:\cooper\documents\visual studio 2013\projects\animation\vs_framework\debug\custombuild.read.1.tlog
d:\cooper\documents\visual studio 2013\projects\animation\vs_framework\debug\custombuild.write.1.tlog
d:\cooper\documents\visual studio 2013\projects\animation\vs_framework\debug\link.command.1.tlog
d:\cooper\documents\visual studio 2013\projects\animation\vs_framework\debug\link.read.1.tlog
d:\cooper\documents\visual studio 2013\projects\animation\vs_framework\debug\link.read.2.tlog
d:\cooper\documents\visual studio 2013\projects\animation\vs_framework\debug\link.write.1.tlog
d:\cooper\documents\visual studio 2013\projects\animation\vs_framework\debug\mt.command.1.tlog
d:\cooper\documents\visual studio 2013\projects\animation\vs_framework\debug\mt.read.1.tlog
d:\cooper\documents\visual studio 2013\projects\animation\vs_framework\debug\mt.write.1.tlog
d:\cooper\documents\visual studio 2013\projects\animation\vs_framework\debug\behavior.exe.intermediate.manifest
d:\cooper\documents\visual studio 2013\projects\animation\vs_framework\debug\behavior.pdb
d:\cooper\documents\visual studio 2013\projects\animation\vs_framework\debug\vc100.pdb
d:\cooper\documents\visual studio 2013\projects\animation\vs_framework\debug\behavior.tlog\cl.command.1.tlog
d:\cooper\documents\visual studio 2013\projects\animation\vs_framework\debug\behavior.tlog\cl.read.1.tlog
d:\cooper\documents\visual studio 2013\projects\animation\vs_framework\debug\behavior.tlog\cl.write.1.tlog
d:\cooper\documents\visual studio 2013\projects\animation\vs_framework\debug\behavior.tlog\custombuild.command.1.tlog
d:\cooper\documents\visual studio 2013\projects\animation\vs_framework\debug\behavior.tlog\custombuild.read.1.tlog
d:\cooper\documents\visual studio 2013\projects\animation\vs_framework\debug\behavior.tlog\custombuild.write.1.tlog
d:\cooper\documents\visual studio 2013\projects\animation\vs_framework\debug\behavior.tlog\link-cvtres.read.1.tlog
d:\cooper\documents\visual studio 2013\projects\animation\vs_framework\debug\behavior.tlog\link-cvtres.write.1.tlog
d:\cooper\documents\visual studio 2013\projects\animation\vs_framework\debug\behavior.tlog\link-rc.read.1.tlog
d:\cooper\documents\visual studio 2013\projects\animation\vs_framework\debug\behavior.tlog\link-rc.write.1.tlog
d:\cooper\documents\visual studio 2013\projects\animation\vs_framework\debug\behavior.tlog\link.command.1.tlog
d:\cooper\documents\visual studio 2013\projects\animation\vs_framework\debug\behavior.tlog\link.read.1.tlog
d:\cooper\documents\visual studio 2013\projects\animation\vs_framework\debug\behavior.tlog\link.write.1.tlog
