C:\USERS\HUANGTIANYU\DESKTOP\CODES\BEHAVIOR_VS_FRAMEWORK--框架(全4部分)\VS_FRAMEWORK\BEHAVIOR\GENERATEDFILES\QRC_RESOURCE.CPP
C:\USERS\HUANGTIANYU\DESKTOP\CODES\BEHAVIOR_VS_FRAMEWORK--框架(全4部分)\VS_FRAMEWORK\BEHAVIOR\GENERATEDFILES\RELEASE\MOC_ABOUTDIALOG.CPP
C:\USERS\HUANGTIANYU\DESKTOP\CODES\BEHAVIOR_VS_FRAMEWORK--框架(全4部分)\VS_FRAMEWORK\BEHAVIOR\GENERATEDFILES\RELEASE\MOC_BEHAVIORGLWIDGET.CPP
C:\USERS\HUANGTIANYU\DESKTOP\CODES\BEHAVIOR_VS_FRAMEWORK--框架(全4部分)\VS_FRAMEWORK\BEHAVIOR\GENERATEDFILES\RELEASE\MOC_CONTROLPANELDIALOG.CPP
C:\USERS\HUANGTIANYU\DESKTOP\CODES\BEHAVIOR_VS_FRAMEWORK--框架(全4部分)\VS_FRAMEWORK\BEHAVIOR\GENERATEDFILES\RELEASE\MOC_GLWIDGET.CPP
C:\USERS\HUANGTIANYU\DESKTOP\CODES\BEHAVIOR_VS_FRAMEWORK--框架(全4部分)\VS_FRAMEWORK\BEHAVIOR\GENERATEDFILES\RELEASE\MOC_GRAPHICSSCENE.CPP
C:\USERS\HUANGTIANYU\DESKTOP\CODES\BEHAVIOR_VS_FRAMEWORK--框架(全4部分)\VS_FRAMEWORK\BEHAVIOR\GENERATEDFILES\RELEASE\MOC_GRAPHWIDGET.CPP
C:\USERS\HUANGTIANYU\DESKTOP\CODES\BEHAVIOR_VS_FRAMEWORK--框架(全4部分)\VS_FRAMEWORK\BEHAVIOR\GENERATEDFILES\RELEASE\MOC_INTERPOLATIONDIALOG.CPP
C:\USERS\HUANGTIANYU\DESKTOP\CODES\BEHAVIOR_VS_FRAMEWORK--框架(全4部分)\VS_FRAMEWORK\BEHAVIOR\GENERATEDFILES\RELEASE\MOC_MAINWINDOW.CPP
C:\USERS\HUANGTIANYU\DESKTOP\CODES\BEHAVIOR_VS_FRAMEWORK--框架(全4部分)\VS_FRAMEWORK\BEHAVIOR\GENERATEDFILES\RELEASE\MOC_PARTICLEGLWIDGET.CPP
C:\USERS\HUANGTIANYU\DESKTOP\CODES\BEHAVIOR_VS_FRAMEWORK--框架(全4部分)\VS_FRAMEWORK\BEHAVIOR\GENERATEDFILES\RELEASE\MOC_SKELETONDIALOG.CPP
C:\USERS\HUANGTIANYU\DESKTOP\CODES\BEHAVIOR_VS_FRAMEWORK--框架(全4部分)\VS_FRAMEWORK\RELEASE\ABOUTDIALOG.OBJ
C:\USERS\HUANGTIANYU\DESKTOP\CODES\BEHAVIOR_VS_FRAMEWORK--框架(全4部分)\VS_FRAMEWORK\RELEASE\AGENT.OBJ
C:\USERS\HUANGTIANYU\DESKTOP\CODES\BEHAVIOR_VS_FRAMEWORK--框架(全4部分)\VS_FRAMEWORK\RELEASE\AGENTDISPLAY.OBJ
C:\USERS\HUANGTIANYU\DESKTOP\CODES\BEHAVIOR_VS_FRAMEWORK--框架(全4部分)\VS_FRAMEWORK\RELEASE\ANIMATION.OBJ
C:\USERS\HUANGTIANYU\DESKTOP\CODES\BEHAVIOR_VS_FRAMEWORK--框架(全4部分)\VS_FRAMEWORK\RELEASE\BEHAVIOR.EXE
C:\USERS\HUANGTIANYU\DESKTOP\CODES\BEHAVIOR_VS_FRAMEWORK--框架(全4部分)\VS_FRAMEWORK\RELEASE\BEHAVIOR.EXE.INTERMEDIATE.MANIFEST
C:\Users\huangtianyu\Desktop\Codes\Behavior_VS_Framework--框架(全4部分)\VS_Framework\Release\Behavior.write.1.tlog
C:\USERS\HUANGTIANYU\DESKTOP\CODES\BEHAVIOR_VS_FRAMEWORK--框架(全4部分)\VS_FRAMEWORK\RELEASE\BEHAVIORCAMERA.OBJ
C:\USERS\HUANGTIANYU\DESKTOP\CODES\BEHAVIOR_VS_FRAMEWORK--框架(全4部分)\VS_FRAMEWORK\RELEASE\BEHAVIORGLWIDGET.OBJ
C:\USERS\HUANGTIANYU\DESKTOP\CODES\BEHAVIOR_VS_FRAMEWORK--框架(全4部分)\VS_FRAMEWORK\RELEASE\BEHAVIORSIMULATION.OBJ
C:\USERS\HUANGTIANYU\DESKTOP\CODES\BEHAVIOR_VS_FRAMEWORK--框架(全4部分)\VS_FRAMEWORK\RELEASE\CAMERA.OBJ
C:\Users\huangtianyu\Desktop\Codes\Behavior_VS_Framework--框架(全4部分)\VS_Framework\Release\cl.command.1.tlog
C:\Users\huangtianyu\Desktop\Codes\Behavior_VS_Framework--框架(全4部分)\VS_Framework\Release\CL.read.1.tlog
C:\Users\huangtianyu\Desktop\Codes\Behavior_VS_Framework--框架(全4部分)\VS_Framework\Release\CL.write.1.tlog
C:\USERS\HUANGTIANYU\DESKTOP\CODES\BEHAVIOR_VS_FRAMEWORK--框架(全4部分)\VS_FRAMEWORK\RELEASE\CONTROLPANELDIALOG.OBJ
C:\Users\huangtianyu\Desktop\Codes\Behavior_VS_Framework--框架(全4部分)\VS_Framework\Release\custombuild.command.1.tlog
C:\Users\huangtianyu\Desktop\Codes\Behavior_VS_Framework--框架(全4部分)\VS_Framework\Release\custombuild.read.1.tlog
C:\Users\huangtianyu\Desktop\Codes\Behavior_VS_Framework--框架(全4部分)\VS_Framework\Release\custombuild.write.1.tlog
C:\USERS\HUANGTIANYU\DESKTOP\CODES\BEHAVIOR_VS_FRAMEWORK--框架(全4部分)\VS_FRAMEWORK\RELEASE\EDGE.OBJ
C:\USERS\HUANGTIANYU\DESKTOP\CODES\BEHAVIOR_VS_FRAMEWORK--框架(全4部分)\VS_FRAMEWORK\RELEASE\ENVIRONMENT.OBJ
C:\USERS\HUANGTIANYU\DESKTOP\CODES\BEHAVIOR_VS_FRAMEWORK--框架(全4部分)\VS_FRAMEWORK\RELEASE\GLWIDGET.OBJ
C:\USERS\HUANGTIANYU\DESKTOP\CODES\BEHAVIOR_VS_FRAMEWORK--框架(全4部分)\VS_FRAMEWORK\RELEASE\GRAPHICSSCENE.OBJ
C:\USERS\HUANGTIANYU\DESKTOP\CODES\BEHAVIOR_VS_FRAMEWORK--框架(全4部分)\VS_FRAMEWORK\RELEASE\GRAPHWIDGET.OBJ
C:\USERS\HUANGTIANYU\DESKTOP\CODES\BEHAVIOR_VS_FRAMEWORK--框架(全4部分)\VS_FRAMEWORK\RELEASE\INTERPOLATIONDIALOG.OBJ
C:\Users\huangtianyu\Desktop\Codes\Behavior_VS_Framework--框架(全4部分)\VS_Framework\Release\link.command.1.tlog
C:\Users\huangtianyu\Desktop\Codes\Behavior_VS_Framework--框架(全4部分)\VS_Framework\Release\link.read.1.tlog
C:\Users\huangtianyu\Desktop\Codes\Behavior_VS_Framework--框架(全4部分)\VS_Framework\Release\link.write.1.tlog
C:\USERS\HUANGTIANYU\DESKTOP\CODES\BEHAVIOR_VS_FRAMEWORK--框架(全4部分)\VS_FRAMEWORK\RELEASE\MAIN.OBJ
C:\USERS\HUANGTIANYU\DESKTOP\CODES\BEHAVIOR_VS_FRAMEWORK--框架(全4部分)\VS_FRAMEWORK\RELEASE\MAINWINDOW.OBJ
C:\USERS\HUANGTIANYU\DESKTOP\CODES\BEHAVIOR_VS_FRAMEWORK--框架(全4部分)\VS_FRAMEWORK\RELEASE\MOC_ABOUTDIALOG.OBJ
C:\USERS\HUANGTIANYU\DESKTOP\CODES\BEHAVIOR_VS_FRAMEWORK--框架(全4部分)\VS_FRAMEWORK\RELEASE\MOC_BEHAVIORGLWIDGET.OBJ
C:\USERS\HUANGTIANYU\DESKTOP\CODES\BEHAVIOR_VS_FRAMEWORK--框架(全4部分)\VS_FRAMEWORK\RELEASE\MOC_CONTROLPANELDIALOG.OBJ
C:\USERS\HUANGTIANYU\DESKTOP\CODES\BEHAVIOR_VS_FRAMEWORK--框架(全4部分)\VS_FRAMEWORK\RELEASE\MOC_GLWIDGET.OBJ
C:\USERS\HUANGTIANYU\DESKTOP\CODES\BEHAVIOR_VS_FRAMEWORK--框架(全4部分)\VS_FRAMEWORK\RELEASE\MOC_GRAPHICSSCENE.OBJ
C:\USERS\HUANGTIANYU\DESKTOP\CODES\BEHAVIOR_VS_FRAMEWORK--框架(全4部分)\VS_FRAMEWORK\RELEASE\MOC_GRAPHWIDGET.OBJ
C:\USERS\HUANGTIANYU\DESKTOP\CODES\BEHAVIOR_VS_FRAMEWORK--框架(全4部分)\VS_FRAMEWORK\RELEASE\MOC_INTERPOLATIONDIALOG.OBJ
C:\USERS\HUANGTIANYU\DESKTOP\CODES\BEHAVIOR_VS_FRAMEWORK--框架(全4部分)\VS_FRAMEWORK\RELEASE\MOC_MAINWINDOW.OBJ
C:\USERS\HUANGTIANYU\DESKTOP\CODES\BEHAVIOR_VS_FRAMEWORK--框架(全4部分)\VS_FRAMEWORK\RELEASE\MOC_PARTICLEGLWIDGET.OBJ
C:\USERS\HUANGTIANYU\DESKTOP\CODES\BEHAVIOR_VS_FRAMEWORK--框架(全4部分)\VS_FRAMEWORK\RELEASE\MOC_SKELETONDIALOG.OBJ
C:\Users\huangtianyu\Desktop\Codes\Behavior_VS_Framework--框架(全4部分)\VS_Framework\Release\mt.command.1.tlog
C:\Users\huangtianyu\Desktop\Codes\Behavior_VS_Framework--框架(全4部分)\VS_Framework\Release\mt.read.1.tlog
C:\Users\huangtianyu\Desktop\Codes\Behavior_VS_Framework--框架(全4部分)\VS_Framework\Release\mt.write.1.tlog
C:\USERS\HUANGTIANYU\DESKTOP\CODES\BEHAVIOR_VS_FRAMEWORK--框架(全4部分)\VS_FRAMEWORK\RELEASE\NODE.OBJ
C:\USERS\HUANGTIANYU\DESKTOP\CODES\BEHAVIOR_VS_FRAMEWORK--框架(全4部分)\VS_FRAMEWORK\RELEASE\OPENGLVIEWER.OBJ
C:\USERS\HUANGTIANYU\DESKTOP\CODES\BEHAVIOR_VS_FRAMEWORK--框架(全4部分)\VS_FRAMEWORK\RELEASE\PARTICLEGLWIDGET.OBJ
C:\USERS\HUANGTIANYU\DESKTOP\CODES\BEHAVIOR_VS_FRAMEWORK--框架(全4部分)\VS_FRAMEWORK\RELEASE\PARTICLESYSTEM.OBJ
C:\USERS\HUANGTIANYU\DESKTOP\CODES\BEHAVIOR_VS_FRAMEWORK--框架(全4部分)\VS_FRAMEWORK\RELEASE\QGRAPHICSITEM.OBJ
C:\USERS\HUANGTIANYU\DESKTOP\CODES\BEHAVIOR_VS_FRAMEWORK--框架(全4部分)\VS_FRAMEWORK\RELEASE\QRC_RESOURCE.OBJ
C:\USERS\HUANGTIANYU\DESKTOP\CODES\BEHAVIOR_VS_FRAMEWORK--框架(全4部分)\VS_FRAMEWORK\RELEASE\ROCKET.OBJ
C:\USERS\HUANGTIANYU\DESKTOP\CODES\BEHAVIOR_VS_FRAMEWORK--框架(全4部分)\VS_FRAMEWORK\RELEASE\SIMULATION.OBJ
C:\USERS\HUANGTIANYU\DESKTOP\CODES\BEHAVIOR_VS_FRAMEWORK--框架(全4部分)\VS_FRAMEWORK\RELEASE\SKELETONDIALOG.OBJ
C:\USERS\HUANGTIANYU\DESKTOP\CODES\BEHAVIOR_VS_FRAMEWORK--框架(全4部分)\VS_FRAMEWORK\RELEASE\SPARK.OBJ
C:\USERS\HUANGTIANYU\DESKTOP\CODES\BEHAVIOR_VS_FRAMEWORK--框架(全4部分)\VS_FRAMEWORK\RELEASE\SPLINE.OBJ
C:\USERS\HUANGTIANYU\DESKTOP\CODES\BEHAVIOR_VS_FRAMEWORK--框架(全4部分)\VS_FRAMEWORK\RELEASE\TRANSFORMATION.OBJ
